# JRE version: OpenJDK Runtime Environment Microsoft-12574423 (17.0.17+10) (build 17.0.17+10-LTS)
# Java VM: OpenJDK 64-Bit Server VM Microsoft-12574423 (17.0.17+10-LTS, mixed mode, sharing, tiered, compressed oops, compressed class ptrs, g1 gc, windows-amd64)
GC Precious Log:
 CPUs: 12 total, 12 available
 Memory: 16214M
 Large Page Support: Disabled
 NUMA Support: Disabled
 Compressed Oops: Enabled (Zero based)
 Heap Region Size: 2M
 Heap Min Capacity: 8M
 Heap Initial Capacity: 254M
 Heap Max Capacity: 3G
 Pre-touch: Disabled
 Parallel Workers: 10
 Concurrent Workers: 3
 Concurrent Refinement Workers: 10
 Periodic GC: Disabled
Heap:
 garbage-first heap   total 557056K, used 361182K [0x0000000740000000, 0x0000000800000000)
  region size 2048K, 7 young (14336K), 7 survivors (14336K)
 Metaspace       used 69711K, committed 70400K, reserved 1114112K
  class space    used 9791K, committed 10112K, reserved 1048576K
GC Heap History (20 events):
Event: 12.448 GC heap after
{Heap after GC invocations=29 (full 0):
 garbage-first heap   total 268288K, used 57779K [0x0000000740000000, 0x0000000800000000)
  region size 2048K, 3 young (6144K), 3 survivors (6144K)
 Metaspace       used 63282K, committed 63936K, reserved 1114112K
  class space    used 8743K, committed 9024K, reserved 1048576K
}
Event: 14.096 GC heap before
{Heap before GC invocations=29 (full 0):
 garbage-first heap   total 268288K, used 156083K [0x0000000740000000, 0x0000000800000000)
  region size 2048K, 37 young (75776K), 3 survivors (6144K)
 Metaspace       used 67710K, committed 68352K, reserved 1114112K
  class space    used 9481K, committed 9792K, reserved 1048576K
}
Event: 14.101 GC heap after
{Heap after GC invocations=30 (full 0):
 garbage-first heap   total 268288K, used 62229K [0x0000000740000000, 0x0000000800000000)
  region size 2048K, 5 young (10240K), 5 survivors (10240K)
 Metaspace       used 67710K, committed 68352K, reserved 1114112K
  class space    used 9481K, committed 9792K, reserved 1048576K
}
Event: 14.218 GC heap before
{Heap before GC invocations=30 (full 0):
 garbage-first heap   total 268288K, used 97045K [0x0000000740000000, 0x0000000800000000)
  region size 2048K, 9 young (18432K), 5 survivors (10240K)
 Metaspace       used 67810K, committed 68480K, reserved 1114112K
  class space    used 9482K, committed 9792K, reserved 1048576K
}
Event: 14.222 GC heap after
{Heap after GC invocations=31 (full 0):
 garbage-first heap   total 268288K, used 62842K [0x0000000740000000, 0x0000000800000000)
  region size 2048K, 5 young (10240K), 5 survivors (10240K)
 Metaspace       used 67810K, committed 68480K, reserved 1114112K
  class space    used 9482K, committed 9792K, reserved 1048576K
}
Event: 14.831 GC heap before
{Heap before GC invocations=31 (full 0):
 garbage-first heap   total 268288K, used 222586K [0x0000000740000000, 0x0000000800000000)
  region size 2048K, 78 young (159744K), 5 survivors (10240K)
 Metaspace       used 69448K, committed 70080K, reserved 1114112K
  class space    used 9760K, committed 10048K, reserved 1048576K
}
Event: 14.867 GC heap after
{Heap after GC invocations=32 (full 0):
 garbage-first heap   total 321536K, used 148263K [0x0000000740000000, 0x0000000800000000)
  region size 2048K, 10 young (20480K), 10 survivors (20480K)
 Metaspace       used 69448K, committed 70080K, reserved 1114112K
  class space    used 9760K, committed 10048K, reserved 1048576K
}
Event: 15.005 GC heap before
{Heap before GC invocations=32 (full 0):
 garbage-first heap   total 321536K, used 226087K [0x0000000740000000, 0x0000000800000000)
  region size 2048K, 48 young (98304K), 10 survivors (20480K)
 Metaspace       used 69567K, committed 70208K, reserved 1114112K
  class space    used 9771K, committed 10048K, reserved 1048576K
}
Event: 15.032 GC heap after
{Heap after GC invocations=33 (full 0):
 garbage-first heap   total 321536K, used 200704K [0x0000000740000000, 0x0000000800000000)
  region size 2048K, 6 young (12288K), 6 survivors (12288K)
 Metaspace       used 69567K, committed 70208K, reserved 1114112K
  class space    used 9771K, committed 10048K, reserved 1048576K
}
Event: 15.085 GC heap before
{Heap before GC invocations=33 (full 0):
 garbage-first heap   total 321536K, used 239616K [0x0000000740000000, 0x0000000800000000)
  region size 2048K, 25 young (51200K), 6 survivors (12288K)
 Metaspace       used 69567K, committed 70208K, reserved 1114112K
  class space    used 9771K, committed 10048K, reserved 1048576K
}
Event: 15.101 GC heap after
{Heap after GC invocations=34 (full 0):
 garbage-first heap   total 557056K, used 214016K [0x0000000740000000, 0x0000000800000000)
  region size 2048K, 4 young (8192K), 4 survivors (8192K)
 Metaspace       used 69567K, committed 70208K, reserved 1114112K
  class space    used 9771K, committed 10048K, reserved 1048576K
}
Event: 15.335 GC heap before
{Heap before GC invocations=35 (full 0):
 garbage-first heap   total 557056K, used 357376K [0x0000000740000000, 0x0000000800000000)
  region size 2048K, 74 young (151552K), 4 survivors (8192K)
 Metaspace       used 69583K, committed 70208K, reserved 1114112K
  class space    used 9775K, committed 10048K, reserved 1048576K
}
Event: 15.348 GC heap after
{Heap after GC invocations=36 (full 0):
 garbage-first heap   total 557056K, used 245578K [0x0000000740000000, 0x0000000800000000)
  region size 2048K, 10 young (20480K), 10 survivors (20480K)
 Metaspace       used 69583K, committed 70208K, reserved 1114112K
  class space    used 9775K, committed 10048K, reserved 1048576K
}
Event: 15.352 GC heap before
{Heap before GC invocations=36 (full 0):
 garbage-first heap   total 557056K, used 251722K [0x0000000740000000, 0x0000000800000000)
  region size 2048K, 13 young (26624K), 10 survivors (20480K)
 Metaspace       used 69583K, committed 70208K, reserved 1114112K
  class space    used 9775K, committed 10048K, reserved 1048576K
}
Event: 15.360 GC heap after
{Heap after GC invocations=37 (full 0):
 garbage-first heap   total 557056K, used 246593K [0x0000000740000000, 0x0000000800000000)
  region size 2048K, 2 young (4096K), 2 survivors (4096K)
 Metaspace       used 69583K, committed 70208K, reserved 1114112K
  class space    used 9775K, committed 10048K, reserved 1048576K
}
Event: 15.459 GC heap before
{Heap before GC invocations=37 (full 0):
 garbage-first heap   total 557056K, used 379713K [0x0000000740000000, 0x0000000800000000)
  region size 2048K, 67 young (137216K), 2 survivors (4096K)
 Metaspace       used 69583K, committed 70208K, reserved 1114112K
  class space    used 9775K, committed 10048K, reserved 1048576K
}
Event: 15.475 GC heap after
{Heap after GC invocations=38 (full 0):
 garbage-first heap   total 557056K, used 283997K [0x0000000740000000, 0x0000000800000000)
  region size 2048K, 9 young (18432K), 9 survivors (18432K)
 Metaspace       used 69583K, committed 70208K, reserved 1114112K
  class space    used 9775K, committed 10048K, reserved 1048576K
}
Event: 15.717 GC heap before
{Heap before GC invocations=38 (full 0):
 garbage-first heap   total 557056K, used 398685K [0x0000000740000000, 0x0000000800000000)
  region size 2048K, 65 young (133120K), 9 survivors (18432K)
 Metaspace       used 69631K, committed 70272K, reserved 1114112K
  class space    used 9782K, committed 10048K, reserved 1048576K
}
Event: 15.743 GC heap after
{Heap after GC invocations=39 (full 0):
 garbage-first heap   total 557056K, used 328102K [0x0000000740000000, 0x0000000800000000)
  region size 2048K, 9 young (18432K), 9 survivors (18432K)
 Metaspace       used 69631K, committed 70272K, reserved 1114112K
  class space    used 9782K, committed 10048K, reserved 1048576K
}
Event: 15.917 GC heap before
{Heap before GC invocations=39 (full 0):
 garbage-first heap   total 557056K, used 418214K [0x0000000740000000, 0x0000000800000000)
  region size 2048K, 53 young (108544K), 9 survivors (18432K)
 Metaspace       used 69711K, committed 70400K, reserved 1114112K
  class space    used 9791K, committed 10112K, reserved 1048576K
}

