# JRE version: OpenJDK Runtime Environment Microsoft-12574423 (17.0.17+10) (build 17.0.17+10-LTS)
# Java VM: OpenJDK 64-Bit Server VM Microsoft-12574423 (17.0.17+10-LTS, mixed mode, sharing, tiered, compressed oops, compressed class ptrs, g1 gc, windows-amd64)
GC Precious Log:
 CPUs: 12 total, 12 available
 Memory: 16214M
 Large Page Support: Disabled
 NUMA Support: Disabled
 Compressed Oops: Enabled (Zero based)
 Heap Region Size: 2M
 Heap Min Capacity: 8M
 Heap Initial Capacity: 254M
 Heap Max Capacity: 3G
 Pre-touch: Disabled
 Parallel Workers: 10
 Concurrent Workers: 3
 Concurrent Refinement Workers: 10
 Periodic GC: Disabled
Heap:
 garbage-first heap   total 663552K, used 246962K [0x0000000740000000, 0x0000000800000000)
  region size 2048K, 39 young (79872K), 9 survivors (18432K)
 Metaspace       used 72745K, committed 73600K, reserved 1114112K
  class space    used 10036K, committed 10432K, reserved 1048576K
GC Heap History (20 events):
Event: 58.705 GC heap before
{Heap before GC invocations=35 (full 0):
 garbage-first heap   total 339968K, used 246784K [0x0000000740000000, 0x0000000800000000)
  region size 2048K, 33 young (67584K), 7 survivors (14336K)
 Metaspace       used 71798K, committed 72512K, reserved 1114112K
  class space    used 9955K, committed 10304K, reserved 1048576K
}
Event: 58.719 GC heap after
{Heap after GC invocations=36 (full 0):
 garbage-first heap   total 524288K, used 206848K [0x0000000740000000, 0x0000000800000000)
  region size 2048K, 4 young (8192K), 4 survivors (8192K)
 Metaspace       used 71798K, committed 72512K, reserved 1114112K
  class space    used 9955K, committed 10304K, reserved 1048576K
}
Event: 75.228 GC heap before
{Heap before GC invocations=37 (full 0):
 garbage-first heap   total 524288K, used 374784K [0x0000000740000000, 0x0000000800000000)
  region size 2048K, 73 young (149504K), 4 survivors (8192K)
 Metaspace       used 72330K, committed 73088K, reserved 1114112K
  class space    used 9998K, committed 10368K, reserved 1048576K
}
Event: 75.237 GC heap after
{Heap after GC invocations=38 (full 0):
 garbage-first heap   total 524288K, used 223232K [0x0000000740000000, 0x0000000800000000)
  region size 2048K, 10 young (20480K), 10 survivors (20480K)
 Metaspace       used 72330K, committed 73088K, reserved 1114112K
  class space    used 9998K, committed 10368K, reserved 1048576K
}
Event: 75.253 GC heap before
{Heap before GC invocations=38 (full 0):
 garbage-first heap   total 524288K, used 247808K [0x0000000740000000, 0x0000000800000000)
  region size 2048K, 12 young (24576K), 10 survivors (20480K)
 Metaspace       used 72335K, committed 73088K, reserved 1114112K
  class space    used 9998K, committed 10368K, reserved 1048576K
}
Event: 75.258 GC heap after
{Heap after GC invocations=39 (full 0):
 garbage-first heap   total 524288K, used 245193K [0x0000000740000000, 0x0000000800000000)
  region size 2048K, 2 young (4096K), 2 survivors (4096K)
 Metaspace       used 72335K, committed 73088K, reserved 1114112K
  class space    used 9998K, committed 10368K, reserved 1048576K
}
Event: 75.327 GC heap before
{Heap before GC invocations=39 (full 0):
 garbage-first heap   total 524288K, used 245193K [0x0000000740000000, 0x0000000800000000)
  region size 2048K, 3 young (6144K), 2 survivors (4096K)
 Metaspace       used 72335K, committed 73088K, reserved 1114112K
  class space    used 9998K, committed 10368K, reserved 1048576K
}
Event: 75.328 GC heap after
{Heap after GC invocations=40 (full 0):
 garbage-first heap   total 524288K, used 220482K [0x0000000740000000, 0x0000000800000000)
  region size 2048K, 1 young (2048K), 1 survivors (2048K)
 Metaspace       used 72335K, committed 73088K, reserved 1114112K
  class space    used 9998K, committed 10368K, reserved 1048576K
}
Event: 75.335 GC heap before
{Heap before GC invocations=40 (full 0):
 garbage-first heap   total 524288K, used 222530K [0x0000000740000000, 0x0000000800000000)
  region size 2048K, 2 young (4096K), 1 survivors (2048K)
 Metaspace       used 72335K, committed 73088K, reserved 1114112K
  class space    used 9998K, committed 10368K, reserved 1048576K
}
Event: 75.336 GC heap after
{Heap after GC invocations=41 (full 0):
 garbage-first heap   total 524288K, used 219903K [0x0000000740000000, 0x0000000800000000)
  region size 2048K, 1 young (2048K), 1 survivors (2048K)
 Metaspace       used 72335K, committed 73088K, reserved 1114112K
  class space    used 9998K, committed 10368K, reserved 1048576K
}
Event: 75.410 GC heap before
{Heap before GC invocations=41 (full 0):
 garbage-first heap   total 524288K, used 242431K [0x0000000740000000, 0x0000000800000000)
  region size 2048K, 2 young (4096K), 1 survivors (2048K)
 Metaspace       used 72335K, committed 73088K, reserved 1114112K
  class space    used 9998K, committed 10368K, reserved 1048576K
}
Event: 75.411 GC heap after
{Heap after GC invocations=42 (full 0):
 garbage-first heap   total 524288K, used 219808K [0x0000000740000000, 0x0000000800000000)
  region size 2048K, 1 young (2048K), 1 survivors (2048K)
 Metaspace       used 72335K, committed 73088K, reserved 1114112K
  class space    used 9998K, committed 10368K, reserved 1048576K
}
Event: 75.504 GC heap before
{Heap before GC invocations=42 (full 0):
 garbage-first heap   total 524288K, used 242336K [0x0000000740000000, 0x0000000800000000)
  region size 2048K, 6 young (12288K), 1 survivors (2048K)
 Metaspace       used 72414K, committed 73152K, reserved 1114112K
  class space    used 10000K, committed 10368K, reserved 1048576K
}
Event: 75.506 GC heap after
{Heap after GC invocations=43 (full 0):
 garbage-first heap   total 524288K, used 220246K [0x0000000740000000, 0x0000000800000000)
  region size 2048K, 1 young (2048K), 1 survivors (2048K)
 Metaspace       used 72414K, committed 73152K, reserved 1114112K
  class space    used 10000K, committed 10368K, reserved 1048576K
}
Event: 75.559 GC heap before
{Heap before GC invocations=43 (full 0):
 garbage-first heap   total 524288K, used 238678K [0x0000000740000000, 0x0000000800000000)
  region size 2048K, 5 young (10240K), 1 survivors (2048K)
 Metaspace       used 72425K, committed 73152K, reserved 1114112K
  class space    used 10000K, committed 10368K, reserved 1048576K
}
Event: 75.561 GC heap after
{Heap after GC invocations=44 (full 0):
 garbage-first heap   total 524288K, used 220401K [0x0000000740000000, 0x0000000800000000)
  region size 2048K, 1 young (2048K), 1 survivors (2048K)
 Metaspace       used 72425K, committed 73152K, reserved 1114112K
  class space    used 10000K, committed 10368K, reserved 1048576K
}
Event: 75.802 GC heap before
{Heap before GC invocations=44 (full 0):
 garbage-first heap   total 524288K, used 421105K [0x0000000740000000, 0x0000000800000000)
  region size 2048K, 95 young (194560K), 1 survivors (2048K)
 Metaspace       used 72474K, committed 73216K, reserved 1114112K
  class space    used 10001K, committed 10368K, reserved 1048576K
}
Event: 75.824 GC heap after
{Heap after GC invocations=45 (full 0):
 garbage-first heap   total 524288K, used 285272K [0x0000000740000000, 0x0000000800000000)
  region size 2048K, 12 young (24576K), 12 survivors (24576K)
 Metaspace       used 72474K, committed 73216K, reserved 1114112K
  class space    used 10001K, committed 10368K, reserved 1048576K
}
Event: 75.973 GC heap before
{Heap before GC invocations=45 (full 0):
 garbage-first heap   total 524288K, used 395864K [0x0000000740000000, 0x0000000800000000)
  region size 2048K, 66 young (135168K), 12 survivors (24576K)
 Metaspace       used 72474K, committed 73216K, reserved 1114112K
  class space    used 10001K, committed 10368K, reserved 1048576K
}
Event: 75.991 GC heap after
{Heap after GC invocations=46 (full 0):
 garbage-first heap   total 1056768K, used 306354K [0x0000000740000000, 0x0000000800000000)
  region size 2048K, 9 young (18432K), 9 survivors (18432K)
 Metaspace       used 72474K, committed 73216K, reserved 1114112K
  class space    used 10001K, committed 10368K, reserved 1048576K
}

