# JRE version: OpenJDK Runtime Environment Microsoft-12574423 (17.0.17+10) (build 17.0.17+10-LTS)
# Java VM: OpenJDK 64-Bit Server VM Microsoft-12574423 (17.0.17+10-LTS, mixed mode, sharing, tiered, compressed oops, compressed class ptrs, g1 gc, windows-amd64)
GC Precious Log:
 CPUs: 12 total, 12 available
 Memory: 16214M
 Large Page Support: Disabled
 NUMA Support: Disabled
 Compressed Oops: Enabled (Zero based)
 Heap Region Size: 2M
 Heap Min Capacity: 8M
 Heap Initial Capacity: 254M
 Heap Max Capacity: 3G
 Pre-touch: Disabled
 Parallel Workers: 10
 Concurrent Workers: 3
 Concurrent Refinement Workers: 10
 Periodic GC: Disabled
Heap:
 garbage-first heap   total 294912K, used 117967K [0x0000000740000000, 0x0000000800000000)
  region size 2048K, 3 young (6144K), 3 survivors (6144K)
 Metaspace       used 77675K, committed 78464K, reserved 1179648K
  class space    used 10780K, committed 11136K, reserved 1048576K
GC Heap History (20 events):
Event: 14.466 GC heap after
{Heap after GC invocations=56 (full 0):
 garbage-first heap   total 225280K, used 113851K [0x0000000740000000, 0x0000000800000000)
  region size 2048K, 3 young (6144K), 3 survivors (6144K)
 Metaspace       used 74196K, committed 74944K, reserved 1114112K
  class space    used 10387K, committed 10752K, reserved 1048576K
}
Event: 14.525 GC heap before
{Heap before GC invocations=57 (full 0):
 garbage-first heap   total 225280K, used 128187K [0x0000000740000000, 0x0000000800000000)
  region size 2048K, 5 young (10240K), 3 survivors (6144K)
 Metaspace       used 74301K, committed 75008K, reserved 1114112K
  class space    used 10401K, committed 10752K, reserved 1048576K
}
Event: 14.529 GC heap after
{Heap after GC invocations=58 (full 0):
 garbage-first heap   total 225280K, used 114181K [0x0000000740000000, 0x0000000800000000)
  region size 2048K, 3 young (6144K), 3 survivors (6144K)
 Metaspace       used 74301K, committed 75008K, reserved 1114112K
  class space    used 10401K, committed 10752K, reserved 1048576K
}
Event: 14.831 GC heap before
{Heap before GC invocations=59 (full 0):
 garbage-first heap   total 225280K, used 130565K [0x0000000740000000, 0x0000000800000000)
  region size 2048K, 7 young (14336K), 3 survivors (6144K)
 Metaspace       used 74913K, committed 75648K, reserved 1179648K
  class space    used 10479K, committed 10816K, reserved 1048576K
}
Event: 14.835 GC heap after
{Heap after GC invocations=60 (full 0):
 garbage-first heap   total 225280K, used 114157K [0x0000000740000000, 0x0000000800000000)
  region size 2048K, 3 young (6144K), 3 survivors (6144K)
 Metaspace       used 74913K, committed 75648K, reserved 1179648K
  class space    used 10479K, committed 10816K, reserved 1048576K
}
Event: 15.367 GC heap before
{Heap before GC invocations=61 (full 0):
 garbage-first heap   total 225280K, used 161261K [0x0000000740000000, 0x0000000800000000)
  region size 2048K, 23 young (47104K), 3 survivors (6144K)
 Metaspace       used 75041K, committed 75776K, reserved 1179648K
  class space    used 10489K, committed 10816K, reserved 1048576K
}
Event: 15.371 GC heap after
{Heap after GC invocations=62 (full 0):
 garbage-first heap   total 225280K, used 116054K [0x0000000740000000, 0x0000000800000000)
  region size 2048K, 2 young (4096K), 2 survivors (4096K)
 Metaspace       used 75041K, committed 75776K, reserved 1179648K
  class space    used 10489K, committed 10816K, reserved 1048576K
}
Event: 18.793 GC heap before
{Heap before GC invocations=63 (full 0):
 garbage-first heap   total 243712K, used 144726K [0x0000000740000000, 0x0000000800000000)
  region size 2048K, 6 young (12288K), 2 survivors (4096K)
 Metaspace       used 75171K, committed 75904K, reserved 1179648K
  class space    used 10495K, committed 10816K, reserved 1048576K
}
Event: 18.796 GC heap after
{Heap after GC invocations=64 (full 0):
 garbage-first heap   total 243712K, used 115924K [0x0000000740000000, 0x0000000800000000)
  region size 2048K, 2 young (4096K), 2 survivors (4096K)
 Metaspace       used 75171K, committed 75904K, reserved 1179648K
  class space    used 10495K, committed 10816K, reserved 1048576K
}
Event: 19.992 GC heap before
{Heap before GC invocations=65 (full 0):
 garbage-first heap   total 294912K, used 173268K [0x0000000740000000, 0x0000000800000000)
  region size 2048K, 5 young (10240K), 2 survivors (4096K)
 Metaspace       used 75279K, committed 76032K, reserved 1179648K
  class space    used 10515K, committed 10880K, reserved 1048576K
}
Event: 19.994 GC heap after
{Heap after GC invocations=66 (full 0):
 garbage-first heap   total 294912K, used 115889K [0x0000000740000000, 0x0000000800000000)
  region size 2048K, 2 young (4096K), 2 survivors (4096K)
 Metaspace       used 75279K, committed 76032K, reserved 1179648K
  class space    used 10515K, committed 10880K, reserved 1048576K
}
Event: 20.024 GC heap before
{Heap before GC invocations=66 (full 0):
 garbage-first heap   total 294912K, used 126129K [0x0000000740000000, 0x0000000800000000)
  region size 2048K, 3 young (6144K), 2 survivors (4096K)
 Metaspace       used 75281K, committed 76032K, reserved 1179648K
  class space    used 10515K, committed 10880K, reserved 1048576K
}
Event: 20.027 GC heap after
{Heap after GC invocations=67 (full 0):
 garbage-first heap   total 294912K, used 115904K [0x0000000740000000, 0x0000000800000000)
  region size 2048K, 2 young (4096K), 2 survivors (4096K)
 Metaspace       used 75281K, committed 76032K, reserved 1179648K
  class space    used 10515K, committed 10880K, reserved 1048576K
}
Event: 53.959 GC heap before
{Heap before GC invocations=67 (full 0):
 garbage-first heap   total 294912K, used 199872K [0x0000000740000000, 0x0000000800000000)
  region size 2048K, 38 young (77824K), 2 survivors (4096K)
 Metaspace       used 77652K, committed 78400K, reserved 1179648K
  class space    used 10779K, committed 11136K, reserved 1048576K
}
Event: 53.962 GC heap after
{Heap after GC invocations=68 (full 0):
 garbage-first heap   total 294912K, used 118018K [0x0000000740000000, 0x0000000800000000)
  region size 2048K, 3 young (6144K), 3 survivors (6144K)
 Metaspace       used 77652K, committed 78400K, reserved 1179648K
  class space    used 10779K, committed 11136K, reserved 1048576K
}
Event: 54.011 GC heap before
{Heap before GC invocations=68 (full 0):
 garbage-first heap   total 294912K, used 132354K [0x0000000740000000, 0x0000000800000000)
  region size 2048K, 4 young (8192K), 3 survivors (6144K)
 Metaspace       used 77652K, committed 78400K, reserved 1179648K
  class space    used 10779K, committed 11136K, reserved 1048576K
}
Event: 54.014 GC heap after
{Heap after GC invocations=69 (full 0):
 garbage-first heap   total 294912K, used 117973K [0x0000000740000000, 0x0000000800000000)
  region size 2048K, 3 young (6144K), 3 survivors (6144K)
 Metaspace       used 77652K, committed 78400K, reserved 1179648K
  class space    used 10779K, committed 11136K, reserved 1048576K
}
Event: 54.053 GC heap before
{Heap before GC invocations=69 (full 0):
 garbage-first heap   total 294912K, used 128213K [0x0000000740000000, 0x0000000800000000)
  region size 2048K, 5 young (10240K), 3 survivors (6144K)
 Metaspace       used 77675K, committed 78464K, reserved 1179648K
  class space    used 10780K, committed 11136K, reserved 1048576K
}
Event: 54.056 GC heap after
{Heap after GC invocations=70 (full 0):
 garbage-first heap   total 294912K, used 118133K [0x0000000740000000, 0x0000000800000000)
  region size 2048K, 3 young (6144K), 3 survivors (6144K)
 Metaspace       used 77675K, committed 78464K, reserved 1179648K
  class space    used 10780K, committed 11136K, reserved 1048576K
}
Event: 54.103 GC heap before
{Heap before GC invocations=70 (full 0):
 garbage-first heap   total 294912K, used 132469K [0x0000000740000000, 0x0000000800000000)
  region size 2048K, 4 young (8192K), 3 survivors (6144K)
 Metaspace       used 77675K, committed 78464K, reserved 1179648K
  class space    used 10780K, committed 11136K, reserved 1048576K
}

