# JRE version: OpenJDK Runtime Environment Microsoft-12574423 (17.0.17+10) (build 17.0.17+10-LTS)
# Java VM: OpenJDK 64-Bit Server VM Microsoft-12574423 (17.0.17+10-LTS, mixed mode, sharing, tiered, compressed oops, compressed class ptrs, g1 gc, windows-amd64)
GC Precious Log:
 CPUs: 12 total, 12 available
 Memory: 16214M
 Large Page Support: Disabled
 NUMA Support: Disabled
 Compressed Oops: Enabled (Zero based)
 Heap Region Size: 2M
 Heap Min Capacity: 8M
 Heap Initial Capacity: 254M
 Heap Max Capacity: 3G
 Pre-touch: Disabled
 Parallel Workers: 10
 Concurrent Workers: 3
 Concurrent Refinement Workers: 10
 Periodic GC: Disabled
Heap:
 garbage-first heap   total 610304K, used 369342K [0x0000000740000000, 0x0000000800000000)
  region size 2048K, 6 young (12288K), 6 survivors (12288K)
 Metaspace       used 69647K, committed 70336K, reserved 1114112K
  class space    used 9793K, committed 10112K, reserved 1048576K
GC Heap History (20 events):
Event: 11.245 GC heap after
{Heap after GC invocations=21 (full 0):
 garbage-first heap   total 245760K, used 57604K [0x0000000740000000, 0x0000000800000000)
  region size 2048K, 1 young (2048K), 1 survivors (2048K)
 Metaspace       used 63124K, committed 63744K, reserved 1114112K
  class space    used 8731K, committed 9024K, reserved 1048576K
}
Event: 12.906 GC heap before
{Heap before GC invocations=21 (full 0):
 garbage-first heap   total 245760K, used 174340K [0x0000000740000000, 0x0000000800000000)
  region size 2048K, 34 young (69632K), 1 survivors (2048K)
 Metaspace       used 67608K, committed 68288K, reserved 1114112K
  class space    used 9480K, committed 9792K, reserved 1048576K
}
Event: 12.911 GC heap after
{Heap after GC invocations=22 (full 0):
 garbage-first heap   total 245760K, used 62209K [0x0000000740000000, 0x0000000800000000)
  region size 2048K, 3 young (6144K), 3 survivors (6144K)
 Metaspace       used 67608K, committed 68288K, reserved 1114112K
  class space    used 9480K, committed 9792K, reserved 1048576K
}
Event: 13.529 GC heap before
{Heap before GC invocations=22 (full 0):
 garbage-first heap   total 245760K, used 219905K [0x0000000740000000, 0x0000000800000000)
  region size 2048K, 70 young (143360K), 3 survivors (6144K)
 Metaspace       used 69374K, committed 70016K, reserved 1114112K
  class space    used 9759K, committed 10048K, reserved 1048576K
}
Event: 13.566 GC heap after
{Heap after GC invocations=23 (full 0):
 garbage-first heap   total 305152K, used 138628K [0x0000000740000000, 0x0000000800000000)
  region size 2048K, 9 young (18432K), 9 survivors (18432K)
 Metaspace       used 69374K, committed 70016K, reserved 1114112K
  class space    used 9759K, committed 10048K, reserved 1048576K
}
Event: 13.671 GC heap before
{Heap before GC invocations=23 (full 0):
 garbage-first heap   total 305152K, used 212356K [0x0000000740000000, 0x0000000800000000)
  region size 2048K, 45 young (92160K), 9 survivors (18432K)
 Metaspace       used 69514K, committed 70208K, reserved 1114112K
  class space    used 9774K, committed 10048K, reserved 1048576K
}
Event: 13.698 GC heap after
{Heap after GC invocations=24 (full 0):
 garbage-first heap   total 305152K, used 182272K [0x0000000740000000, 0x0000000800000000)
  region size 2048K, 6 young (12288K), 6 survivors (12288K)
 Metaspace       used 69514K, committed 70208K, reserved 1114112K
  class space    used 9774K, committed 10048K, reserved 1048576K
}
Event: 13.760 GC heap before
{Heap before GC invocations=24 (full 0):
 garbage-first heap   total 305152K, used 221184K [0x0000000740000000, 0x0000000800000000)
  region size 2048K, 26 young (53248K), 6 survivors (12288K)
 Metaspace       used 69518K, committed 70208K, reserved 1114112K
  class space    used 9774K, committed 10048K, reserved 1048576K
}
Event: 13.775 GC heap after
{Heap after GC invocations=25 (full 0):
 garbage-first heap   total 305152K, used 206702K [0x0000000740000000, 0x0000000800000000)
  region size 2048K, 4 young (8192K), 4 survivors (8192K)
 Metaspace       used 69518K, committed 70208K, reserved 1114112K
  class space    used 9774K, committed 10048K, reserved 1048576K
}
Event: 13.819 GC heap before
{Heap before GC invocations=25 (full 0):
 garbage-first heap   total 305152K, used 237422K [0x0000000740000000, 0x0000000800000000)
  region size 2048K, 19 young (38912K), 4 survivors (8192K)
 Metaspace       used 69518K, committed 70208K, reserved 1114112K
  class space    used 9774K, committed 10048K, reserved 1048576K
}
Event: 13.826 GC heap after
{Heap after GC invocations=26 (full 0):
 garbage-first heap   total 610304K, used 216219K [0x0000000740000000, 0x0000000800000000)
  region size 2048K, 3 young (6144K), 3 survivors (6144K)
 Metaspace       used 69518K, committed 70208K, reserved 1114112K
  class space    used 9774K, committed 10048K, reserved 1048576K
}
Event: 13.959 GC heap before
{Heap before GC invocations=27 (full 0):
 garbage-first heap   total 610304K, used 361627K [0x0000000740000000, 0x0000000800000000)
  region size 2048K, 74 young (151552K), 3 survivors (6144K)
 Metaspace       used 69518K, committed 70208K, reserved 1114112K
  class space    used 9773K, committed 10048K, reserved 1048576K
}
Event: 13.972 GC heap after
{Heap after GC invocations=28 (full 0):
 garbage-first heap   total 610304K, used 248334K [0x0000000740000000, 0x0000000800000000)
  region size 2048K, 10 young (20480K), 10 survivors (20480K)
 Metaspace       used 69518K, committed 70208K, reserved 1114112K
  class space    used 9773K, committed 10048K, reserved 1048576K
}
Event: 13.977 GC heap before
{Heap before GC invocations=28 (full 0):
 garbage-first heap   total 610304K, used 256526K [0x0000000740000000, 0x0000000800000000)
  region size 2048K, 14 young (28672K), 10 survivors (20480K)
 Metaspace       used 69518K, committed 70208K, reserved 1114112K
  class space    used 9773K, committed 10048K, reserved 1048576K
}
Event: 13.983 GC heap after
{Heap after GC invocations=29 (full 0):
 garbage-first heap   total 610304K, used 251389K [0x0000000740000000, 0x0000000800000000)
  region size 2048K, 2 young (4096K), 2 survivors (4096K)
 Metaspace       used 69518K, committed 70208K, reserved 1114112K
  class space    used 9773K, committed 10048K, reserved 1048576K
}
Event: 14.110 GC heap before
{Heap before GC invocations=29 (full 0):
 garbage-first heap   total 610304K, used 392701K [0x0000000740000000, 0x0000000800000000)
  region size 2048K, 71 young (145408K), 2 survivors (4096K)
 Metaspace       used 69535K, committed 70208K, reserved 1114112K
  class space    used 9776K, committed 10048K, reserved 1048576K
}
Event: 14.128 GC heap after
{Heap after GC invocations=30 (full 0):
 garbage-first heap   total 610304K, used 298197K [0x0000000740000000, 0x0000000800000000)
  region size 2048K, 9 young (18432K), 9 survivors (18432K)
 Metaspace       used 69535K, committed 70208K, reserved 1114112K
  class space    used 9776K, committed 10048K, reserved 1048576K
}
Event: 14.341 GC heap before
{Heap before GC invocations=30 (full 0):
 garbage-first heap   total 610304K, used 419029K [0x0000000740000000, 0x0000000800000000)
  region size 2048K, 68 young (139264K), 9 survivors (18432K)
 Metaspace       used 69647K, committed 70336K, reserved 1114112K
  class space    used 9793K, committed 10112K, reserved 1048576K
}
Event: 14.370 GC heap after
{Heap after GC invocations=31 (full 0):
 garbage-first heap   total 610304K, used 353359K [0x0000000740000000, 0x0000000800000000)
  region size 2048K, 9 young (18432K), 9 survivors (18432K)
 Metaspace       used 69647K, committed 70336K, reserved 1114112K
  class space    used 9793K, committed 10112K, reserved 1048576K
}
Event: 14.487 GC heap before
{Heap before GC invocations=31 (full 0):
 garbage-first heap   total 610304K, used 441423K [0x0000000740000000, 0x0000000800000000)
  region size 2048K, 52 young (106496K), 9 survivors (18432K)
 Metaspace       used 69647K, committed 70336K, reserved 1114112K
  class space    used 9793K, committed 10112K, reserved 1048576K
}

