# JRE version: OpenJDK Runtime Environment Microsoft-12574423 (17.0.17+10) (build 17.0.17+10-LTS)
# Java VM: OpenJDK 64-Bit Server VM Microsoft-12574423 (17.0.17+10-LTS, mixed mode, sharing, tiered, compressed oops, compressed class ptrs, g1 gc, windows-amd64)
GC Precious Log:
 CPUs: 12 total, 12 available
 Memory: 16214M
 Large Page Support: Disabled
 NUMA Support: Disabled
 Compressed Oops: Enabled (Zero based)
 Heap Region Size: 2M
 Heap Min Capacity: 8M
 Heap Initial Capacity: 254M
 Heap Max Capacity: 3G
 Pre-touch: Disabled
 Parallel Workers: 10
 Concurrent Workers: 3
 Concurrent Refinement Workers: 10
 Periodic GC: Disabled
Heap:
 garbage-first heap   total 751616K, used 384660K [0x0000000740000000, 0x0000000800000000)
  region size 2048K, 7 young (14336K), 7 survivors (14336K)
 Metaspace       used 85965K, committed 86912K, reserved 1179648K
  class space    used 11968K, committed 12416K, reserved 1048576K
GC Heap History (20 events):
Event: 14.962 GC heap after
{Heap after GC invocations=48 (full 0):
 garbage-first heap   total 229376K, used 116920K [0x0000000740000000, 0x0000000800000000)
  region size 2048K, 4 young (8192K), 4 survivors (8192K)
 Metaspace       used 79854K, committed 80640K, reserved 1179648K
  class space    used 11220K, committed 11584K, reserved 1048576K
}
Event: 15.071 GC heap before
{Heap before GC invocations=49 (full 0):
 garbage-first heap   total 229376K, used 133304K [0x0000000740000000, 0x0000000800000000)
  region size 2048K, 6 young (12288K), 4 survivors (8192K)
 Metaspace       used 79945K, committed 80704K, reserved 1179648K
  class space    used 11220K, committed 11584K, reserved 1048576K
}
Event: 15.076 GC heap after
{Heap after GC invocations=50 (full 0):
 garbage-first heap   total 276480K, used 117370K [0x0000000740000000, 0x0000000800000000)
  region size 2048K, 4 young (8192K), 4 survivors (8192K)
 Metaspace       used 79945K, committed 80704K, reserved 1179648K
  class space    used 11220K, committed 11584K, reserved 1048576K
}
Event: 15.119 GC heap before
{Heap before GC invocations=50 (full 0):
 garbage-first heap   total 276480K, used 127610K [0x0000000740000000, 0x0000000800000000)
  region size 2048K, 5 young (10240K), 4 survivors (8192K)
 Metaspace       used 79950K, committed 80704K, reserved 1179648K
  class space    used 11220K, committed 11584K, reserved 1048576K
}
Event: 15.124 GC heap after
{Heap after GC invocations=51 (full 0):
 garbage-first heap   total 276480K, used 117249K [0x0000000740000000, 0x0000000800000000)
  region size 2048K, 4 young (8192K), 4 survivors (8192K)
 Metaspace       used 79950K, committed 80704K, reserved 1179648K
  class space    used 11220K, committed 11584K, reserved 1048576K
}
Event: 15.155 GC heap before
{Heap before GC invocations=51 (full 0):
 garbage-first heap   total 276480K, used 125441K [0x0000000740000000, 0x0000000800000000)
  region size 2048K, 5 young (10240K), 4 survivors (8192K)
 Metaspace       used 79950K, committed 80704K, reserved 1179648K
  class space    used 11220K, committed 11584K, reserved 1048576K
}
Event: 15.160 GC heap after
{Heap after GC invocations=52 (full 0):
 garbage-first heap   total 276480K, used 117361K [0x0000000740000000, 0x0000000800000000)
  region size 2048K, 4 young (8192K), 4 survivors (8192K)
 Metaspace       used 79950K, committed 80704K, reserved 1179648K
  class space    used 11220K, committed 11584K, reserved 1048576K
}
Event: 15.201 GC heap before
{Heap before GC invocations=52 (full 0):
 garbage-first heap   total 276480K, used 129649K [0x0000000740000000, 0x0000000800000000)
  region size 2048K, 5 young (10240K), 4 survivors (8192K)
 Metaspace       used 79950K, committed 80704K, reserved 1179648K
  class space    used 11220K, committed 11584K, reserved 1048576K
}
Event: 15.206 GC heap after
{Heap after GC invocations=53 (full 0):
 garbage-first heap   total 276480K, used 117362K [0x0000000740000000, 0x0000000800000000)
  region size 2048K, 4 young (8192K), 4 survivors (8192K)
 Metaspace       used 79950K, committed 80704K, reserved 1179648K
  class space    used 11220K, committed 11584K, reserved 1048576K
}
Event: 15.290 GC heap before
{Heap before GC invocations=53 (full 0):
 garbage-first heap   total 276480K, used 133746K [0x0000000740000000, 0x0000000800000000)
  region size 2048K, 7 young (14336K), 4 survivors (8192K)
 Metaspace       used 80030K, committed 80832K, reserved 1179648K
  class space    used 11220K, committed 11584K, reserved 1048576K
}
Event: 15.296 GC heap after
{Heap after GC invocations=54 (full 0):
 garbage-first heap   total 552960K, used 117244K [0x0000000740000000, 0x0000000800000000)
  region size 2048K, 4 young (8192K), 4 survivors (8192K)
 Metaspace       used 80030K, committed 80832K, reserved 1179648K
  class space    used 11220K, committed 11584K, reserved 1048576K
}
Event: 19.792 GC heap before
{Heap before GC invocations=54 (full 0):
 garbage-first heap   total 552960K, used 549372K [0x0000000740000000, 0x0000000800000000)
  region size 2048K, 150 young (307200K), 4 survivors (8192K)
 Metaspace       used 85697K, committed 86656K, reserved 1179648K
  class space    used 11937K, committed 12352K, reserved 1048576K
}
Event: 19.839 GC heap after
{Heap after GC invocations=55 (full 0):
 garbage-first heap   total 636928K, used 194506K [0x0000000740000000, 0x0000000800000000)
  region size 2048K, 21 young (43008K), 21 survivors (43008K)
 Metaspace       used 85697K, committed 86656K, reserved 1179648K
  class space    used 11937K, committed 12352K, reserved 1048576K
}
Event: 20.172 GC heap before
{Heap before GC invocations=55 (full 0):
 garbage-first heap   total 636928K, used 458698K [0x0000000740000000, 0x0000000800000000)
  region size 2048K, 150 young (307200K), 21 survivors (43008K)
 Metaspace       used 85845K, committed 86784K, reserved 1179648K
  class space    used 11953K, committed 12416K, reserved 1048576K
}
Event: 20.217 GC heap after
{Heap after GC invocations=56 (full 0):
 garbage-first heap   total 636928K, used 284443K [0x0000000740000000, 0x0000000800000000)
  region size 2048K, 19 young (38912K), 19 survivors (38912K)
 Metaspace       used 85845K, committed 86784K, reserved 1179648K
  class space    used 11953K, committed 12416K, reserved 1048576K
}
Event: 20.360 GC heap before
{Heap before GC invocations=56 (full 0):
 garbage-first heap   total 636928K, used 456475K [0x0000000740000000, 0x0000000800000000)
  region size 2048K, 103 young (210944K), 19 survivors (38912K)
 Metaspace       used 85873K, committed 86784K, reserved 1179648K
  class space    used 11956K, committed 12416K, reserved 1048576K
}
Event: 20.393 GC heap after
{Heap after GC invocations=57 (full 0):
 garbage-first heap   total 636928K, used 331776K [0x0000000740000000, 0x0000000800000000)
  region size 2048K, 13 young (26624K), 13 survivors (26624K)
 Metaspace       used 85873K, committed 86784K, reserved 1179648K
  class space    used 11956K, committed 12416K, reserved 1048576K
}
Event: 20.650 GC heap before
{Heap before GC invocations=57 (full 0):
 garbage-first heap   total 636928K, used 468992K [0x0000000740000000, 0x0000000800000000)
  region size 2048K, 80 young (163840K), 13 survivors (26624K)
 Metaspace       used 85965K, committed 86912K, reserved 1179648K
  class space    used 11968K, committed 12416K, reserved 1048576K
}
Event: 20.672 GC heap after
{Heap after GC invocations=58 (full 0):
 garbage-first heap   total 636928K, used 366592K [0x0000000740000000, 0x0000000800000000)
  region size 2048K, 10 young (20480K), 10 survivors (20480K)
 Metaspace       used 85965K, committed 86912K, reserved 1179648K
  class space    used 11968K, committed 12416K, reserved 1048576K
}
Event: 20.888 GC heap before
{Heap before GC invocations=58 (full 0):
 garbage-first heap   total 751616K, used 475136K [0x0000000740000000, 0x0000000800000000)
  region size 2048K, 63 young (129024K), 10 survivors (20480K)
 Metaspace       used 85965K, committed 86912K, reserved 1179648K
  class space    used 11968K, committed 12416K, reserved 1048576K
}

