# JRE version: OpenJDK Runtime Environment Microsoft-12574423 (17.0.17+10) (build 17.0.17+10-LTS)
# Java VM: OpenJDK 64-Bit Server VM Microsoft-12574423 (17.0.17+10-LTS, mixed mode, sharing, tiered, compressed oops, compressed class ptrs, g1 gc, windows-amd64)
GC Precious Log:
 CPUs: 12 total, 12 available
 Memory: 16214M
 Large Page Support: Disabled
 NUMA Support: Disabled
 Compressed Oops: Enabled (Zero based)
 Heap Region Size: 2M
 Heap Min Capacity: 8M
 Heap Initial Capacity: 254M
 Heap Max Capacity: 3G
 Pre-touch: Disabled
 Parallel Workers: 10
 Concurrent Workers: 3
 Concurrent Refinement Workers: 10
 Periodic GC: Disabled
Heap:
 garbage-first heap   total 772096K, used 408793K [0x0000000740000000, 0x0000000800000000)
  region size 2048K, 2 young (4096K), 2 survivors (4096K)
 Metaspace       used 129381K, committed 131200K, reserved 1179648K
  class space    used 16991K, committed 17856K, reserved 1048576K
GC Heap History (20 events):
Event: 2540.675 GC heap after
{Heap after GC invocations=129 (full 0):
 garbage-first heap   total 819200K, used 207698K [0x0000000740000000, 0x0000000800000000)
  region size 2048K, 3 young (6144K), 3 survivors (6144K)
 Metaspace       used 128854K, committed 130688K, reserved 1179648K
  class space    used 16981K, committed 17856K, reserved 1048576K
}
Event: 2542.321 GC heap before
{Heap before GC invocations=129 (full 0):
 garbage-first heap   total 819200K, used 240466K [0x0000000740000000, 0x0000000800000000)
  region size 2048K, 20 young (40960K), 3 survivors (6144K)
 Metaspace       used 128945K, committed 130752K, reserved 1179648K
  class space    used 16981K, committed 17856K, reserved 1048576K
}
Event: 2542.331 GC heap after
{Heap after GC invocations=130 (full 0):
 garbage-first heap   total 819200K, used 204837K [0x0000000740000000, 0x0000000800000000)
  region size 2048K, 3 young (6144K), 3 survivors (6144K)
 Metaspace       used 128945K, committed 130752K, reserved 1179648K
  class space    used 16981K, committed 17856K, reserved 1048576K
}
Event: 2544.764 GC heap before
{Heap before GC invocations=130 (full 0):
 garbage-first heap   total 819200K, used 249893K [0x0000000740000000, 0x0000000800000000)
  region size 2048K, 26 young (53248K), 3 survivors (6144K)
 Metaspace       used 128985K, committed 130816K, reserved 1179648K
  class space    used 16981K, committed 17856K, reserved 1048576K
}
Event: 2544.769 GC heap after
{Heap after GC invocations=131 (full 0):
 garbage-first heap   total 819200K, used 205890K [0x0000000740000000, 0x0000000800000000)
  region size 2048K, 4 young (8192K), 4 survivors (8192K)
 Metaspace       used 128985K, committed 130816K, reserved 1179648K
  class space    used 16981K, committed 17856K, reserved 1048576K
}
Event: 2608.305 GC heap before
{Heap before GC invocations=132 (full 0):
 garbage-first heap   total 710656K, used 705602K [0x0000000740000000, 0x0000000800000000)
  region size 2048K, 147 young (301056K), 4 survivors (8192K)
 Metaspace       used 129320K, committed 131136K, reserved 1179648K
  class space    used 16990K, committed 17856K, reserved 1048576K
}
Event: 2608.312 GC heap after
{Heap after GC invocations=133 (full 0):
 garbage-first heap   total 729088K, used 224074K [0x0000000740000000, 0x0000000800000000)
  region size 2048K, 9 young (18432K), 9 survivors (18432K)
 Metaspace       used 129320K, committed 131136K, reserved 1179648K
  class space    used 16990K, committed 17856K, reserved 1048576K
}
Event: 2608.334 GC heap before
{Heap before GC invocations=133 (full 0):
 garbage-first heap   total 729088K, used 240458K [0x0000000740000000, 0x0000000800000000)
  region size 2048K, 17 young (34816K), 9 survivors (18432K)
 Metaspace       used 129324K, committed 131136K, reserved 1179648K
  class space    used 16990K, committed 17856K, reserved 1048576K
}
Event: 2608.345 GC heap after
{Heap after GC invocations=134 (full 0):
 garbage-first heap   total 729088K, used 219056K [0x0000000740000000, 0x0000000800000000)
  region size 2048K, 1 young (2048K), 1 survivors (2048K)
 Metaspace       used 129324K, committed 131136K, reserved 1179648K
  class space    used 16990K, committed 17856K, reserved 1048576K
}
Event: 2608.517 GC heap before
{Heap before GC invocations=134 (full 0):
 garbage-first heap   total 729088K, used 235440K [0x0000000740000000, 0x0000000800000000)
  region size 2048K, 10 young (20480K), 1 survivors (2048K)
 Metaspace       used 129324K, committed 131136K, reserved 1179648K
  class space    used 16990K, committed 17856K, reserved 1048576K
}
Event: 2608.519 GC heap after
{Heap after GC invocations=135 (full 0):
 garbage-first heap   total 729088K, used 222466K [0x0000000740000000, 0x0000000800000000)
  region size 2048K, 3 young (6144K), 3 survivors (6144K)
 Metaspace       used 129324K, committed 131136K, reserved 1179648K
  class space    used 16990K, committed 17856K, reserved 1048576K
}
Event: 2609.107 GC heap before
{Heap before GC invocations=136 (full 0):
 garbage-first heap   total 729088K, used 533762K [0x0000000740000000, 0x0000000800000000)
  region size 2048K, 155 young (317440K), 3 survivors (6144K)
 Metaspace       used 129381K, committed 131200K, reserved 1179648K
  class space    used 16991K, committed 17856K, reserved 1048576K
}
Event: 2609.143 GC heap after
{Heap after GC invocations=137 (full 0):
 garbage-first heap   total 729088K, used 310143K [0x0000000740000000, 0x0000000800000000)
  region size 2048K, 20 young (40960K), 20 survivors (40960K)
 Metaspace       used 129381K, committed 131200K, reserved 1179648K
  class space    used 16991K, committed 17856K, reserved 1048576K
}
Event: 2609.145 GC heap before
{Heap before GC invocations=137 (full 0):
 garbage-first heap   total 729088K, used 312191K [0x0000000740000000, 0x0000000800000000)
  region size 2048K, 21 young (43008K), 20 survivors (40960K)
 Metaspace       used 129381K, committed 131200K, reserved 1179648K
  class space    used 16991K, committed 17856K, reserved 1048576K
}
Event: 2609.164 GC heap after
{Heap after GC invocations=138 (full 0):
 garbage-first heap   total 729088K, used 314068K [0x0000000740000000, 0x0000000800000000)
  region size 2048K, 3 young (6144K), 3 survivors (6144K)
 Metaspace       used 129381K, committed 131200K, reserved 1179648K
  class space    used 16991K, committed 17856K, reserved 1048576K
}
Event: 2609.267 GC heap before
{Heap before GC invocations=138 (full 0):
 garbage-first heap   total 729088K, used 522964K [0x0000000740000000, 0x0000000800000000)
  region size 2048K, 105 young (215040K), 3 survivors (6144K)
 Metaspace       used 129381K, committed 131200K, reserved 1179648K
  class space    used 16991K, committed 17856K, reserved 1048576K
}
Event: 2609.292 GC heap after
{Heap after GC invocations=139 (full 0):
 garbage-first heap   total 729088K, used 369105K [0x0000000740000000, 0x0000000800000000)
  region size 2048K, 14 young (28672K), 14 survivors (28672K)
 Metaspace       used 129381K, committed 131200K, reserved 1179648K
  class space    used 16991K, committed 17856K, reserved 1048576K
}
Event: 2609.515 GC heap before
{Heap before GC invocations=140 (full 0):
 garbage-first heap   total 772096K, used 534993K [0x0000000740000000, 0x0000000800000000)
  region size 2048K, 95 young (194560K), 14 survivors (28672K)
 Metaspace       used 129381K, committed 131200K, reserved 1179648K
  class space    used 16991K, committed 17856K, reserved 1048576K
}
Event: 2609.540 GC heap after
{Heap after GC invocations=141 (full 0):
 garbage-first heap   total 772096K, used 418030K [0x0000000740000000, 0x0000000800000000)
  region size 2048K, 12 young (24576K), 12 survivors (24576K)
 Metaspace       used 129381K, committed 131200K, reserved 1179648K
  class space    used 16991K, committed 17856K, reserved 1048576K
}
Event: 2609.553 GC heap before
{Heap before GC invocations=141 (full 0):
 garbage-first heap   total 772096K, used 430318K [0x0000000740000000, 0x0000000800000000)
  region size 2048K, 18 young (36864K), 12 survivors (24576K)
 Metaspace       used 129381K, committed 131200K, reserved 1179648K
  class space    used 16991K, committed 17856K, reserved 1048576K
}

