# JRE version: OpenJDK Runtime Environment Microsoft-12574423 (17.0.17+10) (build 17.0.17+10-LTS)
# Java VM: OpenJDK 64-Bit Server VM Microsoft-12574423 (17.0.17+10-LTS, mixed mode, sharing, tiered, compressed oops, compressed class ptrs, g1 gc, windows-amd64)
GC Precious Log:
 CPUs: 12 total, 12 available
 Memory: 16214M
 Large Page Support: Disabled
 NUMA Support: Disabled
 Compressed Oops: Enabled (Zero based)
 Heap Region Size: 2M
 Heap Min Capacity: 8M
 Heap Initial Capacity: 254M
 Heap Max Capacity: 4054M
 Pre-touch: Disabled
 Parallel Workers: 10
 Concurrent Workers: 3
 Concurrent Refinement Workers: 10
 Periodic GC: Disabled
Heap:
 garbage-first heap   total 546816K, used 165036K [0x0000000702a00000, 0x0000000800000000)
  region size 2048K, 2 young (4096K), 2 survivors (4096K)
 Metaspace       used 2326K, committed 2432K, reserved 1114112K
  class space    used 218K, committed 256K, reserved 1048576K
GC Heap History (17 events):
Event: 0.160 GC heap before
{Heap before GC invocations=0 (full 0):
 garbage-first heap   total 260096K, used 20480K [0x0000000702a00000, 0x0000000800000000)
  region size 2048K, 11 young (22528K), 0 survivors (0K)
 Metaspace       used 794K, committed 896K, reserved 1114112K
  class space    used 67K, committed 128K, reserved 1048576K
}
Event: 0.168 GC heap after
{Heap after GC invocations=1 (full 0):
 garbage-first heap   total 260096K, used 18317K [0x0000000702a00000, 0x0000000800000000)
  region size 2048K, 2 young (4096K), 2 survivors (4096K)
 Metaspace       used 794K, committed 896K, reserved 1114112K
  class space    used 67K, committed 128K, reserved 1048576K
}
Event: 0.220 GC heap before
{Heap before GC invocations=1 (full 0):
 garbage-first heap   total 260096K, used 28557K [0x0000000702a00000, 0x0000000800000000)
  region size 2048K, 8 young (16384K), 2 survivors (4096K)
 Metaspace       used 901K, committed 1024K, reserved 1114112K
  class space    used 77K, committed 128K, reserved 1048576K
}
Event: 0.225 GC heap after
{Heap after GC invocations=2 (full 0):
 garbage-first heap   total 260096K, used 25988K [0x0000000702a00000, 0x0000000800000000)
  region size 2048K, 1 young (2048K), 1 survivors (2048K)
 Metaspace       used 901K, committed 1024K, reserved 1114112K
  class space    used 77K, committed 128K, reserved 1048576K
}
Event: 0.260 GC heap before
{Heap before GC invocations=2 (full 0):
 garbage-first heap   total 260096K, used 50564K [0x0000000702a00000, 0x0000000800000000)
  region size 2048K, 13 young (26624K), 1 survivors (2048K)
 Metaspace       used 901K, committed 1024K, reserved 1114112K
  class space    used 77K, committed 128K, reserved 1048576K
}
Event: 0.268 GC heap after
{Heap after GC invocations=3 (full 0):
 garbage-first heap   total 260096K, used 40960K [0x0000000702a00000, 0x0000000800000000)
  region size 2048K, 2 young (4096K), 2 survivors (4096K)
 Metaspace       used 901K, committed 1024K, reserved 1114112K
  class space    used 77K, committed 128K, reserved 1048576K
}
Event: 0.302 GC heap before
{Heap before GC invocations=3 (full 0):
 garbage-first heap   total 260096K, used 65536K [0x0000000702a00000, 0x0000000800000000)
  region size 2048K, 14 young (28672K), 2 survivors (4096K)
 Metaspace       used 908K, committed 1024K, reserved 1114112K
  class space    used 77K, committed 128K, reserved 1048576K
}
Event: 0.313 GC heap after
{Heap after GC invocations=4 (full 0):
 garbage-first heap   total 260096K, used 56835K [0x0000000702a00000, 0x0000000800000000)
  region size 2048K, 2 young (4096K), 2 survivors (4096K)
 Metaspace       used 908K, committed 1024K, reserved 1114112K
  class space    used 77K, committed 128K, reserved 1048576K
}
Event: 0.330 GC heap before
{Heap before GC invocations=4 (full 0):
 garbage-first heap   total 260096K, used 73219K [0x0000000702a00000, 0x0000000800000000)
  region size 2048K, 10 young (20480K), 2 survivors (4096K)
 Metaspace       used 908K, committed 1024K, reserved 1114112K
  class space    used 77K, committed 128K, reserved 1048576K
}
Event: 0.338 GC heap after
{Heap after GC invocations=5 (full 0):
 garbage-first heap   total 546816K, used 68848K [0x0000000702a00000, 0x0000000800000000)
  region size 2048K, 2 young (4096K), 2 survivors (4096K)
 Metaspace       used 908K, committed 1024K, reserved 1114112K
  class space    used 77K, committed 128K, reserved 1048576K
}
Event: 0.376 GC heap before
{Heap before GC invocations=5 (full 0):
 garbage-first heap   total 546816K, used 109808K [0x0000000702a00000, 0x0000000800000000)
  region size 2048K, 22 young (45056K), 2 survivors (4096K)
 Metaspace       used 908K, committed 1024K, reserved 1114112K
  class space    used 77K, committed 128K, reserved 1048576K
}
Event: 0.388 GC heap after
{Heap after GC invocations=6 (full 0):
 garbage-first heap   total 546816K, used 96473K [0x0000000702a00000, 0x0000000800000000)
  region size 2048K, 3 young (6144K), 3 survivors (6144K)
 Metaspace       used 908K, committed 1024K, reserved 1114112K
  class space    used 77K, committed 128K, reserved 1048576K
}
Event: 0.642 GC heap before
{Heap before GC invocations=6 (full 0):
 garbage-first heap   total 546816K, used 155865K [0x0000000702a00000, 0x0000000800000000)
  region size 2048K, 32 young (65536K), 3 survivors (6144K)
 Metaspace       used 2205K, committed 2304K, reserved 1114112K
  class space    used 217K, committed 256K, reserved 1048576K
}
Event: 0.662 GC heap after
{Heap after GC invocations=7 (full 0):
 garbage-first heap   total 546816K, used 139687K [0x0000000702a00000, 0x0000000800000000)
  region size 2048K, 4 young (8192K), 4 survivors (8192K)
 Metaspace       used 2205K, committed 2304K, reserved 1114112K
  class space    used 217K, committed 256K, reserved 1048576K
}
Event: 0.924 GC heap before
{Heap before GC invocations=7 (full 0):
 garbage-first heap   total 546816K, used 174503K [0x0000000702a00000, 0x0000000800000000)
  region size 2048K, 20 young (40960K), 4 survivors (8192K)
 Metaspace       used 2316K, committed 2432K, reserved 1114112K
  class space    used 218K, committed 256K, reserved 1048576K
}
Event: 0.938 GC heap after
{Heap after GC invocations=8 (full 0):
 garbage-first heap   total 546816K, used 154283K [0x0000000702a00000, 0x0000000800000000)
  region size 2048K, 3 young (6144K), 3 survivors (6144K)
 Metaspace       used 2316K, committed 2432K, reserved 1114112K
  class space    used 218K, committed 256K, reserved 1048576K
}
Event: 1.042 GC heap before
{Heap before GC invocations=8 (full 0):
 garbage-first heap   total 546816K, used 176811K [0x0000000702a00000, 0x0000000800000000)
  region size 2048K, 13 young (26624K), 3 survivors (6144K)
 Metaspace       used 2326K, committed 2432K, reserved 1114112K
  class space    used 218K, committed 256K, reserved 1048576K
}

